[WARNING] smithy.example#ExampleService: This shape applies a trait that is unstable: smithy.rules#endpointRuleSet | UnstableTrait
[WARNING] smithy.example#ExampleService: This shape applies a trait that is unstable: smithy.rules#endpointTests | UnstableTrait
[ERROR] smithy.example#ExampleService: Inconsistent testcase parameters: https://another.example.com and https://custom.example.com | EndpointTestsTrait
[ERROR] smithy.example#ExampleService: Test case does not supply the `"https://some.example.com"` value for the `endpoint` parameter's `SDK::Endpoint` built-in. | EndpointTestsTrait
