[ERROR] smithy.example#ConflictingExamplesByte: Allowed shape example `0`: Value provided for `smithy.example#ConflictingExamplesByte` must be greater than or equal to 1, but found 0 | ShapeExamplesTrait.allowed.0.Target.InvalidRange
[ERROR] smithy.example#ConflictingExamplesByte: Allowed shape example `4`: Value provided for `smithy.example#ConflictingExamplesByte` must be less than or equal to 3, but found 4 | ShapeExamplesTrait.allowed.1.Target.InvalidRange
[ERROR] smithy.example#ConflictingExamplesByte: Disallowed shape example `1` passed all validations when it shouldn't have | ShapeExamplesTrait.disallowed.0
[ERROR] smithy.example#ConflictingExamplesByte: Disallowed shape example `2` passed all validations when it shouldn't have | ShapeExamplesTrait.disallowed.1
[ERROR] smithy.example#ConflictingExamplesByte: Disallowed shape example `3` passed all validations when it shouldn't have | ShapeExamplesTrait.disallowed.2
[ERROR] smithy.example#ConflictingExamplesShort: Allowed shape example `0`: Value provided for `smithy.example#ConflictingExamplesShort` must be greater than or equal to 1, but found 0 | ShapeExamplesTrait.allowed.0.Target.InvalidRange
[ERROR] smithy.example#ConflictingExamplesShort: Allowed shape example `4`: Value provided for `smithy.example#ConflictingExamplesShort` must be less than or equal to 3, but found 4 | ShapeExamplesTrait.allowed.1.Target.InvalidRange
[ERROR] smithy.example#ConflictingExamplesShort: Disallowed shape example `1` passed all validations when it shouldn't have | ShapeExamplesTrait.disallowed.0
[ERROR] smithy.example#ConflictingExamplesShort: Disallowed shape example `2` passed all validations when it shouldn't have | ShapeExamplesTrait.disallowed.1
[ERROR] smithy.example#ConflictingExamplesShort: Disallowed shape example `3` passed all validations when it shouldn't have | ShapeExamplesTrait.disallowed.2
[ERROR] smithy.example#ConflictingExamplesInteger: Allowed shape example `0`: Value provided for `smithy.example#ConflictingExamplesInteger` must be greater than or equal to 1, but found 0 | ShapeExamplesTrait.allowed.0.Target.InvalidRange
[ERROR] smithy.example#ConflictingExamplesInteger: Allowed shape example `4`: Value provided for `smithy.example#ConflictingExamplesInteger` must be less than or equal to 3, but found 4 | ShapeExamplesTrait.allowed.1.Target.InvalidRange
[ERROR] smithy.example#ConflictingExamplesInteger: Disallowed shape example `1` passed all validations when it shouldn't have | ShapeExamplesTrait.disallowed.0
[ERROR] smithy.example#ConflictingExamplesInteger: Disallowed shape example `2` passed all validations when it shouldn't have | ShapeExamplesTrait.disallowed.1
[ERROR] smithy.example#ConflictingExamplesInteger: Disallowed shape example `3` passed all validations when it shouldn't have | ShapeExamplesTrait.disallowed.2
[ERROR] smithy.example#ConflictingExamplesLong: Allowed shape example `0`: Value provided for `smithy.example#ConflictingExamplesLong` must be greater than or equal to 1, but found 0 | ShapeExamplesTrait.allowed.0.Target.InvalidRange
[ERROR] smithy.example#ConflictingExamplesLong: Allowed shape example `4`: Value provided for `smithy.example#ConflictingExamplesLong` must be less than or equal to 3, but found 4 | ShapeExamplesTrait.allowed.1.Target.InvalidRange
[ERROR] smithy.example#ConflictingExamplesLong: Disallowed shape example `1` passed all validations when it shouldn't have | ShapeExamplesTrait.disallowed.0
[ERROR] smithy.example#ConflictingExamplesLong: Disallowed shape example `2` passed all validations when it shouldn't have | ShapeExamplesTrait.disallowed.1
[ERROR] smithy.example#ConflictingExamplesLong: Disallowed shape example `3` passed all validations when it shouldn't have | ShapeExamplesTrait.disallowed.2
[ERROR] smithy.example#ConflictingExamplesFloat: Allowed shape example `0.0`: Value provided for `smithy.example#ConflictingExamplesFloat` must be greater than or equal to 1, but found 0.0 | ShapeExamplesTrait.allowed.0.Target.InvalidRange
[ERROR] smithy.example#ConflictingExamplesFloat: Allowed shape example `4.0`: Value provided for `smithy.example#ConflictingExamplesFloat` must be less than or equal to 3, but found 4.0 | ShapeExamplesTrait.allowed.1.Target.InvalidRange
[ERROR] smithy.example#ConflictingExamplesFloat: Disallowed shape example `1.0` passed all validations when it shouldn't have | ShapeExamplesTrait.disallowed.0
[ERROR] smithy.example#ConflictingExamplesFloat: Disallowed shape example `2.0` passed all validations when it shouldn't have | ShapeExamplesTrait.disallowed.1
[ERROR] smithy.example#ConflictingExamplesFloat: Disallowed shape example `3.0` passed all validations when it shouldn't have | ShapeExamplesTrait.disallowed.2
[ERROR] smithy.example#ConflictingExamplesDouble: Allowed shape example `0.0`: Value provided for `smithy.example#ConflictingExamplesDouble` must be greater than or equal to 1, but found 0.0 | ShapeExamplesTrait.allowed.0.Target.InvalidRange
[ERROR] smithy.example#ConflictingExamplesDouble: Allowed shape example `4.0`: Value provided for `smithy.example#ConflictingExamplesDouble` must be less than or equal to 3, but found 4.0 | ShapeExamplesTrait.allowed.1.Target.InvalidRange
[ERROR] smithy.example#ConflictingExamplesDouble: Disallowed shape example `1.0` passed all validations when it shouldn't have | ShapeExamplesTrait.disallowed.0
[ERROR] smithy.example#ConflictingExamplesDouble: Disallowed shape example `2.0` passed all validations when it shouldn't have | ShapeExamplesTrait.disallowed.1
[ERROR] smithy.example#ConflictingExamplesDouble: Disallowed shape example `3.0` passed all validations when it shouldn't have | ShapeExamplesTrait.disallowed.2
[ERROR] smithy.example#ConflictingExamplesBigInteger: Allowed shape example `0`: Value provided for `smithy.example#ConflictingExamplesBigInteger` must be greater than or equal to 1, but found 0 | ShapeExamplesTrait.allowed.0.Target.InvalidRange
[ERROR] smithy.example#ConflictingExamplesBigInteger: Allowed shape example `4`: Value provided for `smithy.example#ConflictingExamplesBigInteger` must be less than or equal to 3, but found 4 | ShapeExamplesTrait.allowed.1.Target.InvalidRange
[ERROR] smithy.example#ConflictingExamplesBigInteger: Disallowed shape example `1` passed all validations when it shouldn't have | ShapeExamplesTrait.disallowed.0
[ERROR] smithy.example#ConflictingExamplesBigInteger: Disallowed shape example `2` passed all validations when it shouldn't have | ShapeExamplesTrait.disallowed.1
[ERROR] smithy.example#ConflictingExamplesBigInteger: Disallowed shape example `3` passed all validations when it shouldn't have | ShapeExamplesTrait.disallowed.2
[ERROR] smithy.example#ConflictingExamplesBigDecimal: Allowed shape example `0.0`: Value provided for `smithy.example#ConflictingExamplesBigDecimal` must be greater than or equal to 1, but found 0.0 | ShapeExamplesTrait.allowed.0.Target.InvalidRange
[ERROR] smithy.example#ConflictingExamplesBigDecimal: Allowed shape example `4.0`: Value provided for `smithy.example#ConflictingExamplesBigDecimal` must be less than or equal to 3, but found 4.0 | ShapeExamplesTrait.allowed.1.Target.InvalidRange
[ERROR] smithy.example#ConflictingExamplesBigDecimal: Disallowed shape example `1.0` passed all validations when it shouldn't have | ShapeExamplesTrait.disallowed.0
[ERROR] smithy.example#ConflictingExamplesBigDecimal: Disallowed shape example `2.0` passed all validations when it shouldn't have | ShapeExamplesTrait.disallowed.1
[ERROR] smithy.example#ConflictingExamplesBigDecimal: Disallowed shape example `3.0` passed all validations when it shouldn't have | ShapeExamplesTrait.disallowed.2
[ERROR] smithy.example#ConflictingExamplesString: Allowed shape example `""`: String value provided for `smithy.example#ConflictingExamplesString` must be >= 1 characters, but the provided value is only 0 characters. | ShapeExamplesTrait.allowed.0
[ERROR] smithy.example#ConflictingExamplesString: Allowed shape example `""`: String value provided for `smithy.example#ConflictingExamplesString` must match regular expression: ^a+$ | ShapeExamplesTrait.allowed.0
[ERROR] smithy.example#ConflictingExamplesString: Allowed shape example `"b"`: String value provided for `smithy.example#ConflictingExamplesString` must match regular expression: ^a+$ | ShapeExamplesTrait.allowed.1
[ERROR] smithy.example#ConflictingExamplesString: Allowed shape example `"ab"`: String value provided for `smithy.example#ConflictingExamplesString` must match regular expression: ^a+$ | ShapeExamplesTrait.allowed.2
[ERROR] smithy.example#ConflictingExamplesString: Allowed shape example `"ba"`: String value provided for `smithy.example#ConflictingExamplesString` must match regular expression: ^a+$ | ShapeExamplesTrait.allowed.3
[ERROR] smithy.example#ConflictingExamplesString: Allowed shape example `"aaaa"`: String value provided for `smithy.example#ConflictingExamplesString` must be <= 3 characters, but the provided value is 4 characters. | ShapeExamplesTrait.allowed.4
[ERROR] smithy.example#ConflictingExamplesString: Disallowed shape example `"a"` passed all validations when it shouldn't have | ShapeExamplesTrait.disallowed.0
[ERROR] smithy.example#ConflictingExamplesString: Disallowed shape example `"aa"` passed all validations when it shouldn't have | ShapeExamplesTrait.disallowed.1
[ERROR] smithy.example#ConflictingExamplesString: Disallowed shape example `"aaa"` passed all validations when it shouldn't have | ShapeExamplesTrait.disallowed.2
[ERROR] smithy.example#ConflictingExamplesBlob: Allowed shape example `""`: Value provided for `smithy.example#ConflictingExamplesBlob` must have at least 1 bytes, but the provided value only has 0 bytes | ShapeExamplesTrait.allowed.0
[ERROR] smithy.example#ConflictingExamplesBlob: Allowed shape example `"YWFhYQ=="`: Value provided for `smithy.example#ConflictingExamplesBlob` must have no more than 3 bytes, but the provided value has 4 bytes | ShapeExamplesTrait.allowed.1
[ERROR] smithy.example#ConflictingExamplesBlob: Disallowed shape example `"YQ=="` passed all validations when it shouldn't have | ShapeExamplesTrait.disallowed.0
[ERROR] smithy.example#ConflictingExamplesBlob: Disallowed shape example `"YWE="` passed all validations when it shouldn't have | ShapeExamplesTrait.disallowed.1
[ERROR] smithy.example#ConflictingExamplesBlob: Disallowed shape example `"YWFh"` passed all validations when it shouldn't have | ShapeExamplesTrait.disallowed.2
[ERROR] smithy.example#ConflictingExamplesStructure: Allowed shape example `{"a":""}`.a: String value provided for `smithy.example#ConflictingExamplesStructure$a` must be >= 1 characters, but the provided value is only 0 characters. | ShapeExamplesTrait.allowed.0
[ERROR] smithy.example#ConflictingExamplesStructure: Allowed shape example `{"a":"bbbb"}`.a: String value provided for `smithy.example#ConflictingExamplesStructure$a` must be <= 3 characters, but the provided value is 4 characters. | ShapeExamplesTrait.allowed.1
[ERROR] smithy.example#ConflictingExamplesStructure: Allowed shape example `{}`: Missing required structure member `a` for `smithy.example#ConflictingExamplesStructure` | ShapeExamplesTrait.allowed.2
[ERROR] smithy.example#ConflictingExamplesStructure: Allowed shape example `{"a":null}`.a: Required structure member `a` for `smithy.example#ConflictingExamplesStructure` cannot be null | ShapeExamplesTrait.allowed.3
[ERROR] smithy.example#ConflictingExamplesStructure: Disallowed shape example `{"a":"b"}` passed all validations when it shouldn't have | ShapeExamplesTrait.disallowed.0
[ERROR] smithy.example#ConflictingExamplesStructure: Disallowed shape example `{"a":"bb"}` passed all validations when it shouldn't have | ShapeExamplesTrait.disallowed.1
[ERROR] smithy.example#ConflictingExamplesStructure: Disallowed shape example `{"a":"bbb"}` passed all validations when it shouldn't have | ShapeExamplesTrait.disallowed.2
[ERROR] smithy.example#ConflictingExamplesList: Allowed shape example `[]`: Value provided for `smithy.example#ConflictingExamplesList` must have at least 1 elements, but the provided value only has 0 elements | ShapeExamplesTrait.allowed.0
[ERROR] smithy.example#ConflictingExamplesList: Allowed shape example `[""]`.0: String value provided for `smithy.example#ConflictingExamplesList$member` must be >= 1 characters, but the provided value is only 0 characters. | ShapeExamplesTrait.allowed.1
[ERROR] smithy.example#ConflictingExamplesList: Allowed shape example `["aaaa"]`.0: String value provided for `smithy.example#ConflictingExamplesList$member` must be <= 3 characters, but the provided value is 4 characters. | ShapeExamplesTrait.allowed.2
[ERROR] smithy.example#ConflictingExamplesList: Allowed shape example `["a","a","a","a"]`: Value provided for `smithy.example#ConflictingExamplesList` must have no more than 3 elements, but the provided value has 4 elements | ShapeExamplesTrait.allowed.3
[ERROR] smithy.example#ConflictingExamplesList: Disallowed shape example `["a"]` passed all validations when it shouldn't have | ShapeExamplesTrait.disallowed.0
[ERROR] smithy.example#ConflictingExamplesList: Disallowed shape example `["a","aa"]` passed all validations when it shouldn't have | ShapeExamplesTrait.disallowed.1
[ERROR] smithy.example#ConflictingExamplesList: Disallowed shape example `["a","aa","aaa"]` passed all validations when it shouldn't have | ShapeExamplesTrait.disallowed.2
[ERROR] smithy.example#ConflictingExamplesMap: Allowed shape example `{"":""}`.: String value provided for `smithy.example#ConflictingExamplesMap$value` must be >= 1 characters, but the provided value is only 0 characters. | ShapeExamplesTrait.allowed.0
[ERROR] smithy.example#ConflictingExamplesMap: Allowed shape example `{"a":""}`.a: String value provided for `smithy.example#ConflictingExamplesMap$value` must be >= 1 characters, but the provided value is only 0 characters. | ShapeExamplesTrait.allowed.1
[ERROR] smithy.example#ConflictingExamplesMap: Disallowed shape example `{"a":"bbb"}` passed all validations when it shouldn't have | ShapeExamplesTrait.disallowed.0
[ERROR] smithy.example#ConflictingExamplesMap: Disallowed shape example `{"a":"b","bbb":"aaa"}` passed all validations when it shouldn't have | ShapeExamplesTrait.disallowed.1
[ERROR] smithy.example#DirectMembersStructure$conflictingExamplesByte: Allowed shape example `null`: Required structure member `conflictingExamplesByte` for `smithy.example#DirectMembersStructure` cannot be null | ShapeExamplesTrait.allowed.0
[ERROR] smithy.example#DirectMembersStructure$conflictingExamplesByte: Allowed shape example `0`: Value provided for `smithy.example#DirectMembersStructure$conflictingExamplesByte` must be greater than or equal to 1, but found 0 | ShapeExamplesTrait.allowed.1.Member.InvalidRange
[ERROR] smithy.example#DirectMembersStructure$conflictingExamplesByte: Allowed shape example `4`: Value provided for `smithy.example#DirectMembersStructure$conflictingExamplesByte` must be less than or equal to 3, but found 4 | ShapeExamplesTrait.allowed.2.Member.InvalidRange
[ERROR] smithy.example#DirectMembersStructure$conflictingExamplesByte: Disallowed shape example `1` passed all validations when it shouldn't have | ShapeExamplesTrait.disallowed.0
[ERROR] smithy.example#DirectMembersStructure$conflictingExamplesByte: Disallowed shape example `2` passed all validations when it shouldn't have | ShapeExamplesTrait.disallowed.1
[ERROR] smithy.example#DirectMembersStructure$conflictingExamplesByte: Disallowed shape example `3` passed all validations when it shouldn't have | ShapeExamplesTrait.disallowed.2
[ERROR] smithy.example#DirectMembersStructure$conflictingExamplesShort: Allowed shape example `null`: Required structure member `conflictingExamplesShort` for `smithy.example#DirectMembersStructure` cannot be null | ShapeExamplesTrait.allowed.0
[ERROR] smithy.example#DirectMembersStructure$conflictingExamplesShort: Allowed shape example `0`: Value provided for `smithy.example#DirectMembersStructure$conflictingExamplesShort` must be greater than or equal to 1, but found 0 | ShapeExamplesTrait.allowed.1.Member.InvalidRange
[ERROR] smithy.example#DirectMembersStructure$conflictingExamplesShort: Allowed shape example `4`: Value provided for `smithy.example#DirectMembersStructure$conflictingExamplesShort` must be less than or equal to 3, but found 4 | ShapeExamplesTrait.allowed.2.Member.InvalidRange
[ERROR] smithy.example#DirectMembersStructure$conflictingExamplesShort: Disallowed shape example `1` passed all validations when it shouldn't have | ShapeExamplesTrait.disallowed.0
[ERROR] smithy.example#DirectMembersStructure$conflictingExamplesShort: Disallowed shape example `2` passed all validations when it shouldn't have | ShapeExamplesTrait.disallowed.1
[ERROR] smithy.example#DirectMembersStructure$conflictingExamplesShort: Disallowed shape example `3` passed all validations when it shouldn't have | ShapeExamplesTrait.disallowed.2
[ERROR] smithy.example#DirectMembersStructure$conflictingExamplesInteger: Allowed shape example `null`: Required structure member `conflictingExamplesInteger` for `smithy.example#DirectMembersStructure` cannot be null | ShapeExamplesTrait.allowed.0
[ERROR] smithy.example#DirectMembersStructure$conflictingExamplesInteger: Allowed shape example `0`: Value provided for `smithy.example#DirectMembersStructure$conflictingExamplesInteger` must be greater than or equal to 1, but found 0 | ShapeExamplesTrait.allowed.1.Member.InvalidRange
[ERROR] smithy.example#DirectMembersStructure$conflictingExamplesInteger: Allowed shape example `4`: Value provided for `smithy.example#DirectMembersStructure$conflictingExamplesInteger` must be less than or equal to 3, but found 4 | ShapeExamplesTrait.allowed.2.Member.InvalidRange
[ERROR] smithy.example#DirectMembersStructure$conflictingExamplesInteger: Disallowed shape example `1` passed all validations when it shouldn't have | ShapeExamplesTrait.disallowed.0
[ERROR] smithy.example#DirectMembersStructure$conflictingExamplesInteger: Disallowed shape example `2` passed all validations when it shouldn't have | ShapeExamplesTrait.disallowed.1
[ERROR] smithy.example#DirectMembersStructure$conflictingExamplesInteger: Disallowed shape example `3` passed all validations when it shouldn't have | ShapeExamplesTrait.disallowed.2
[ERROR] smithy.example#DirectMembersStructure$conflictingExamplesLong: Allowed shape example `null`: Required structure member `conflictingExamplesLong` for `smithy.example#DirectMembersStructure` cannot be null | ShapeExamplesTrait.allowed.0
[ERROR] smithy.example#DirectMembersStructure$conflictingExamplesLong: Allowed shape example `0`: Value provided for `smithy.example#DirectMembersStructure$conflictingExamplesLong` must be greater than or equal to 1, but found 0 | ShapeExamplesTrait.allowed.1.Member.InvalidRange
[ERROR] smithy.example#DirectMembersStructure$conflictingExamplesLong: Allowed shape example `4`: Value provided for `smithy.example#DirectMembersStructure$conflictingExamplesLong` must be less than or equal to 3, but found 4 | ShapeExamplesTrait.allowed.2.Member.InvalidRange
[ERROR] smithy.example#DirectMembersStructure$conflictingExamplesLong: Disallowed shape example `1` passed all validations when it shouldn't have | ShapeExamplesTrait.disallowed.0
[ERROR] smithy.example#DirectMembersStructure$conflictingExamplesLong: Disallowed shape example `2` passed all validations when it shouldn't have | ShapeExamplesTrait.disallowed.1
[ERROR] smithy.example#DirectMembersStructure$conflictingExamplesLong: Disallowed shape example `3` passed all validations when it shouldn't have | ShapeExamplesTrait.disallowed.2
[ERROR] smithy.example#DirectMembersStructure$conflictingExamplesFloat: Allowed shape example `null`: Required structure member `conflictingExamplesFloat` for `smithy.example#DirectMembersStructure` cannot be null | ShapeExamplesTrait.allowed.0
[ERROR] smithy.example#DirectMembersStructure$conflictingExamplesFloat: Allowed shape example `0.0`: Value provided for `smithy.example#DirectMembersStructure$conflictingExamplesFloat` must be greater than or equal to 1, but found 0.0 | ShapeExamplesTrait.allowed.1.Member.InvalidRange
[ERROR] smithy.example#DirectMembersStructure$conflictingExamplesFloat: Allowed shape example `4.0`: Value provided for `smithy.example#DirectMembersStructure$conflictingExamplesFloat` must be less than or equal to 3, but found 4.0 | ShapeExamplesTrait.allowed.2.Member.InvalidRange
[ERROR] smithy.example#DirectMembersStructure$conflictingExamplesFloat: Disallowed shape example `1.0` passed all validations when it shouldn't have | ShapeExamplesTrait.disallowed.0
[ERROR] smithy.example#DirectMembersStructure$conflictingExamplesFloat: Disallowed shape example `2.0` passed all validations when it shouldn't have | ShapeExamplesTrait.disallowed.1
[ERROR] smithy.example#DirectMembersStructure$conflictingExamplesFloat: Disallowed shape example `3.0` passed all validations when it shouldn't have | ShapeExamplesTrait.disallowed.2
[ERROR] smithy.example#DirectMembersStructure$conflictingExamplesDouble: Allowed shape example `null`: Required structure member `conflictingExamplesDouble` for `smithy.example#DirectMembersStructure` cannot be null | ShapeExamplesTrait.allowed.0
[ERROR] smithy.example#DirectMembersStructure$conflictingExamplesDouble: Allowed shape example `0.0`: Value provided for `smithy.example#DirectMembersStructure$conflictingExamplesDouble` must be greater than or equal to 1, but found 0.0 | ShapeExamplesTrait.allowed.1.Member.InvalidRange
[ERROR] smithy.example#DirectMembersStructure$conflictingExamplesDouble: Allowed shape example `4.0`: Value provided for `smithy.example#DirectMembersStructure$conflictingExamplesDouble` must be less than or equal to 3, but found 4.0 | ShapeExamplesTrait.allowed.2.Member.InvalidRange
[ERROR] smithy.example#DirectMembersStructure$conflictingExamplesDouble: Disallowed shape example `1.0` passed all validations when it shouldn't have | ShapeExamplesTrait.disallowed.0
[ERROR] smithy.example#DirectMembersStructure$conflictingExamplesDouble: Disallowed shape example `2.0` passed all validations when it shouldn't have | ShapeExamplesTrait.disallowed.1
[ERROR] smithy.example#DirectMembersStructure$conflictingExamplesDouble: Disallowed shape example `3.0` passed all validations when it shouldn't have | ShapeExamplesTrait.disallowed.2
[ERROR] smithy.example#DirectMembersStructure$conflictingExamplesBigInteger: Allowed shape example `null`: Required structure member `conflictingExamplesBigInteger` for `smithy.example#DirectMembersStructure` cannot be null | ShapeExamplesTrait.allowed.0
[ERROR] smithy.example#DirectMembersStructure$conflictingExamplesBigInteger: Allowed shape example `0`: Value provided for `smithy.example#DirectMembersStructure$conflictingExamplesBigInteger` must be greater than or equal to 1, but found 0 | ShapeExamplesTrait.allowed.1.Member.InvalidRange
[ERROR] smithy.example#DirectMembersStructure$conflictingExamplesBigInteger: Allowed shape example `4`: Value provided for `smithy.example#DirectMembersStructure$conflictingExamplesBigInteger` must be less than or equal to 3, but found 4 | ShapeExamplesTrait.allowed.2.Member.InvalidRange
[ERROR] smithy.example#DirectMembersStructure$conflictingExamplesBigInteger: Disallowed shape example `1` passed all validations when it shouldn't have | ShapeExamplesTrait.disallowed.0
[ERROR] smithy.example#DirectMembersStructure$conflictingExamplesBigInteger: Disallowed shape example `2` passed all validations when it shouldn't have | ShapeExamplesTrait.disallowed.1
[ERROR] smithy.example#DirectMembersStructure$conflictingExamplesBigInteger: Disallowed shape example `3` passed all validations when it shouldn't have | ShapeExamplesTrait.disallowed.2
[ERROR] smithy.example#DirectMembersStructure$conflictingExamplesBigDecimal: Allowed shape example `null`: Required structure member `conflictingExamplesBigDecimal` for `smithy.example#DirectMembersStructure` cannot be null | ShapeExamplesTrait.allowed.0
[ERROR] smithy.example#DirectMembersStructure$conflictingExamplesBigDecimal: Allowed shape example `0.0`: Value provided for `smithy.example#DirectMembersStructure$conflictingExamplesBigDecimal` must be greater than or equal to 1, but found 0.0 | ShapeExamplesTrait.allowed.1.Member.InvalidRange
[ERROR] smithy.example#DirectMembersStructure$conflictingExamplesBigDecimal: Allowed shape example `4.0`: Value provided for `smithy.example#DirectMembersStructure$conflictingExamplesBigDecimal` must be less than or equal to 3, but found 4.0 | ShapeExamplesTrait.allowed.2.Member.InvalidRange
[ERROR] smithy.example#DirectMembersStructure$conflictingExamplesBigDecimal: Disallowed shape example `1.0` passed all validations when it shouldn't have | ShapeExamplesTrait.disallowed.0
[ERROR] smithy.example#DirectMembersStructure$conflictingExamplesBigDecimal: Disallowed shape example `2.0` passed all validations when it shouldn't have | ShapeExamplesTrait.disallowed.1
[ERROR] smithy.example#DirectMembersStructure$conflictingExamplesBigDecimal: Disallowed shape example `3.0` passed all validations when it shouldn't have | ShapeExamplesTrait.disallowed.2
[ERROR] smithy.example#DirectMembersStructure$conflictingExamplesString: Allowed shape example `null`: Required structure member `conflictingExamplesString` for `smithy.example#DirectMembersStructure` cannot be null | ShapeExamplesTrait.allowed.0
[ERROR] smithy.example#DirectMembersStructure$conflictingExamplesString: Allowed shape example `""`: String value provided for `smithy.example#DirectMembersStructure$conflictingExamplesString` must be >= 1 characters, but the provided value is only 0 characters. | ShapeExamplesTrait.allowed.1
[ERROR] smithy.example#DirectMembersStructure$conflictingExamplesString: Allowed shape example `""`: String value provided for `smithy.example#DirectMembersStructure$conflictingExamplesString` must match regular expression: ^a+$ | ShapeExamplesTrait.allowed.1
[ERROR] smithy.example#DirectMembersStructure$conflictingExamplesString: Allowed shape example `"b"`: String value provided for `smithy.example#DirectMembersStructure$conflictingExamplesString` must match regular expression: ^a+$ | ShapeExamplesTrait.allowed.2
[ERROR] smithy.example#DirectMembersStructure$conflictingExamplesString: Allowed shape example `"ab"`: String value provided for `smithy.example#DirectMembersStructure$conflictingExamplesString` must match regular expression: ^a+$ | ShapeExamplesTrait.allowed.3
[ERROR] smithy.example#DirectMembersStructure$conflictingExamplesString: Allowed shape example `"ba"`: String value provided for `smithy.example#DirectMembersStructure$conflictingExamplesString` must match regular expression: ^a+$ | ShapeExamplesTrait.allowed.4
[ERROR] smithy.example#DirectMembersStructure$conflictingExamplesString: Allowed shape example `"aaaa"`: String value provided for `smithy.example#DirectMembersStructure$conflictingExamplesString` must be <= 3 characters, but the provided value is 4 characters. | ShapeExamplesTrait.allowed.5
[ERROR] smithy.example#DirectMembersStructure$conflictingExamplesString: Disallowed shape example `"a"` passed all validations when it shouldn't have | ShapeExamplesTrait.disallowed.0
[ERROR] smithy.example#DirectMembersStructure$conflictingExamplesString: Disallowed shape example `"aa"` passed all validations when it shouldn't have | ShapeExamplesTrait.disallowed.1
[ERROR] smithy.example#DirectMembersStructure$conflictingExamplesString: Disallowed shape example `"aaa"` passed all validations when it shouldn't have | ShapeExamplesTrait.disallowed.2
[ERROR] smithy.example#DirectMembersStructure$conflictingExamplesBlob: Allowed shape example `null`: Required structure member `conflictingExamplesBlob` for `smithy.example#DirectMembersStructure` cannot be null | ShapeExamplesTrait.allowed.0
[ERROR] smithy.example#DirectMembersStructure$conflictingExamplesBlob: Allowed shape example `""`: Value provided for `smithy.example#DirectMembersStructure$conflictingExamplesBlob` must have at least 1 bytes, but the provided value only has 0 bytes | ShapeExamplesTrait.allowed.1
[ERROR] smithy.example#DirectMembersStructure$conflictingExamplesBlob: Allowed shape example `"YWFhYQ=="`: Value provided for `smithy.example#DirectMembersStructure$conflictingExamplesBlob` must have no more than 3 bytes, but the provided value has 4 bytes | ShapeExamplesTrait.allowed.2
[ERROR] smithy.example#DirectMembersStructure$conflictingExamplesBlob: Disallowed shape example `"YQ=="` passed all validations when it shouldn't have | ShapeExamplesTrait.disallowed.0
[ERROR] smithy.example#DirectMembersStructure$conflictingExamplesBlob: Disallowed shape example `"YWE="` passed all validations when it shouldn't have | ShapeExamplesTrait.disallowed.1
[ERROR] smithy.example#DirectMembersStructure$conflictingExamplesBlob: Disallowed shape example `"YWFh"` passed all validations when it shouldn't have | ShapeExamplesTrait.disallowed.2
[ERROR] smithy.example#DirectMembersStructure$conflictingExamplesStructure: Allowed shape example `null`: Required structure member `conflictingExamplesStructure` for `smithy.example#DirectMembersStructure` cannot be null | ShapeExamplesTrait.allowed.0
[ERROR] smithy.example#DirectMembersStructure$conflictingExamplesStructure: Allowed shape example `{"a":""}`.a: String value provided for `smithy.example#TestStructure$a` must be >= 1 characters, but the provided value is only 0 characters. | ShapeExamplesTrait.allowed.1
[ERROR] smithy.example#DirectMembersStructure$conflictingExamplesStructure: Allowed shape example `{"a":"bbbbb"}`.a: String value provided for `smithy.example#TestStructure$a` must be <= 3 characters, but the provided value is 5 characters. | ShapeExamplesTrait.allowed.2
[ERROR] smithy.example#DirectMembersStructure$conflictingExamplesStructure: Allowed shape example `{}`: Missing required structure member `a` for `smithy.example#TestStructure` | ShapeExamplesTrait.allowed.3
[ERROR] smithy.example#DirectMembersStructure$conflictingExamplesStructure: Allowed shape example `{"a":null}`.a: Required structure member `a` for `smithy.example#TestStructure` cannot be null | ShapeExamplesTrait.allowed.4
[ERROR] smithy.example#DirectMembersStructure$conflictingExamplesStructure: Disallowed shape example `{"a":"b"}` passed all validations when it shouldn't have | ShapeExamplesTrait.disallowed.0
[ERROR] smithy.example#DirectMembersStructure$conflictingExamplesStructure: Disallowed shape example `{"a":"bb"}` passed all validations when it shouldn't have | ShapeExamplesTrait.disallowed.1
[ERROR] smithy.example#DirectMembersStructure$conflictingExamplesStructure: Disallowed shape example `{"a":"bbb"}` passed all validations when it shouldn't have | ShapeExamplesTrait.disallowed.2
[ERROR] smithy.example#DirectMembersStructure$conflictingExamplesList: Allowed shape example `null`: Required structure member `conflictingExamplesList` for `smithy.example#DirectMembersStructure` cannot be null | ShapeExamplesTrait.allowed.0
[ERROR] smithy.example#DirectMembersStructure$conflictingExamplesList: Allowed shape example `[]`: Value provided for `smithy.example#DirectMembersStructure$conflictingExamplesList` must have at least 1 elements, but the provided value only has 0 elements | ShapeExamplesTrait.allowed.1
[ERROR] smithy.example#DirectMembersStructure$conflictingExamplesList: Allowed shape example `[""]`.0: String value provided for `smithy.example#TestList$member` must be >= 1 characters, but the provided value is only 0 characters. | ShapeExamplesTrait.allowed.2
[ERROR] smithy.example#DirectMembersStructure$conflictingExamplesList: Allowed shape example `["aaaa"]`.0: String value provided for `smithy.example#TestList$member` must be <= 3 characters, but the provided value is 4 characters. | ShapeExamplesTrait.allowed.3
[ERROR] smithy.example#DirectMembersStructure$conflictingExamplesList: Allowed shape example `["a","a","a","a"]`: Value provided for `smithy.example#DirectMembersStructure$conflictingExamplesList` must have no more than 3 elements, but the provided value has 4 elements | ShapeExamplesTrait.allowed.4
[ERROR] smithy.example#DirectMembersStructure$conflictingExamplesList: Disallowed shape example `["a"]` passed all validations when it shouldn't have | ShapeExamplesTrait.disallowed.0
[ERROR] smithy.example#DirectMembersStructure$conflictingExamplesList: Disallowed shape example `["a","aa"]` passed all validations when it shouldn't have | ShapeExamplesTrait.disallowed.1
[ERROR] smithy.example#DirectMembersStructure$conflictingExamplesList: Disallowed shape example `["a","aa","aaa"]` passed all validations when it shouldn't have | ShapeExamplesTrait.disallowed.2
[ERROR] smithy.example#DirectMembersStructure$conflictingExamplesMap: Allowed shape example `null`: Required structure member `conflictingExamplesMap` for `smithy.example#DirectMembersStructure` cannot be null | ShapeExamplesTrait.allowed.0
[ERROR] smithy.example#DirectMembersStructure$conflictingExamplesMap: Allowed shape example `{"":""}`.: String value provided for `smithy.example#TestMap$value` must be >= 1 characters, but the provided value is only 0 characters. | ShapeExamplesTrait.allowed.1
[ERROR] smithy.example#DirectMembersStructure$conflictingExamplesMap: Allowed shape example `{"a":""}`.a: String value provided for `smithy.example#TestMap$value` must be >= 1 characters, but the provided value is only 0 characters. | ShapeExamplesTrait.allowed.2
[ERROR] smithy.example#DirectMembersStructure$conflictingExamplesMap: Disallowed shape example `{"a":"bbb"}` passed all validations when it shouldn't have | ShapeExamplesTrait.disallowed.0
[ERROR] smithy.example#DirectMembersStructure$conflictingExamplesMap: Disallowed shape example `{"a":"b","bbb":"aaa"}` passed all validations when it shouldn't have | ShapeExamplesTrait.disallowed.1
[ERROR] smithy.example#DirectMembersStructure$conflictingExamplesBoolean: Allowed shape example `null`: Required structure member `conflictingExamplesBoolean` for `smithy.example#DirectMembersStructure` cannot be null | ShapeExamplesTrait.allowed.0
[ERROR] smithy.example#DirectMembersStructure$conflictingExamplesBoolean: Disallowed shape example `true` passed all validations when it shouldn't have | ShapeExamplesTrait.disallowed.0
[ERROR] smithy.example#DirectMembersStructure$conflictingExamplesBoolean: Disallowed shape example `false` passed all validations when it shouldn't have | ShapeExamplesTrait.disallowed.1
[ERROR] smithy.example#DirectMembersStructure$conflictingExamplesTimestamp: Allowed shape example `null`: Required structure member `conflictingExamplesTimestamp` for `smithy.example#DirectMembersStructure` cannot be null | ShapeExamplesTrait.allowed.0
[ERROR] smithy.example#DirectMembersStructure$conflictingExamplesDocument: Allowed shape example `null`: Required structure member `conflictingExamplesDocument` for `smithy.example#DirectMembersStructure` cannot be null | ShapeExamplesTrait.allowed.0
[ERROR] smithy.example#DirectMembersStructure$conflictingExamplesDocument: Disallowed shape example `true` passed all validations when it shouldn't have | ShapeExamplesTrait.disallowed.0
[ERROR] smithy.example#DirectMembersStructure$conflictingExamplesDocument: Disallowed shape example `"foo"` passed all validations when it shouldn't have | ShapeExamplesTrait.disallowed.1
[ERROR] smithy.example#DirectMembersStructure$conflictingExamplesDocument: Disallowed shape example `123` passed all validations when it shouldn't have | ShapeExamplesTrait.disallowed.2
[ERROR] smithy.example#DirectMembersStructure$conflictingExamplesDocument: Disallowed shape example `{}` passed all validations when it shouldn't have | ShapeExamplesTrait.disallowed.3
[ERROR] smithy.example#DirectMembersStructure$conflictingExamplesDocument: Disallowed shape example `[]` passed all validations when it shouldn't have | ShapeExamplesTrait.disallowed.4
[ERROR] smithy.example#IndirectMembersStructure$conflictingExamplesByte: Allowed shape example `0`: Value provided for `smithy.example#TestByte` must be greater than or equal to 1, but found 0 | ShapeExamplesTrait.allowed.0.Target.InvalidRange
[ERROR] smithy.example#IndirectMembersStructure$conflictingExamplesByte: Allowed shape example `4`: Value provided for `smithy.example#TestByte` must be less than or equal to 3, but found 4 | ShapeExamplesTrait.allowed.1.Target.InvalidRange
[ERROR] smithy.example#IndirectMembersStructure$conflictingExamplesByte: Disallowed shape example `null` passed all validations when it shouldn't have | ShapeExamplesTrait.disallowed.0
[ERROR] smithy.example#IndirectMembersStructure$conflictingExamplesByte: Disallowed shape example `1` passed all validations when it shouldn't have | ShapeExamplesTrait.disallowed.1
[ERROR] smithy.example#IndirectMembersStructure$conflictingExamplesByte: Disallowed shape example `2` passed all validations when it shouldn't have | ShapeExamplesTrait.disallowed.2
[ERROR] smithy.example#IndirectMembersStructure$conflictingExamplesByte: Disallowed shape example `3` passed all validations when it shouldn't have | ShapeExamplesTrait.disallowed.3
[ERROR] smithy.example#IndirectMembersStructure$conflictingExamplesShort: Allowed shape example `0`: Value provided for `smithy.example#TestShort` must be greater than or equal to 1, but found 0 | ShapeExamplesTrait.allowed.0.Target.InvalidRange
[ERROR] smithy.example#IndirectMembersStructure$conflictingExamplesShort: Allowed shape example `4`: Value provided for `smithy.example#TestShort` must be less than or equal to 3, but found 4 | ShapeExamplesTrait.allowed.1.Target.InvalidRange
[ERROR] smithy.example#IndirectMembersStructure$conflictingExamplesShort: Disallowed shape example `null` passed all validations when it shouldn't have | ShapeExamplesTrait.disallowed.0
[ERROR] smithy.example#IndirectMembersStructure$conflictingExamplesShort: Disallowed shape example `1` passed all validations when it shouldn't have | ShapeExamplesTrait.disallowed.1
[ERROR] smithy.example#IndirectMembersStructure$conflictingExamplesShort: Disallowed shape example `2` passed all validations when it shouldn't have | ShapeExamplesTrait.disallowed.2
[ERROR] smithy.example#IndirectMembersStructure$conflictingExamplesShort: Disallowed shape example `3` passed all validations when it shouldn't have | ShapeExamplesTrait.disallowed.3
[ERROR] smithy.example#IndirectMembersStructure$conflictingExamplesInteger: Allowed shape example `0`: Value provided for `smithy.example#TestInteger` must be greater than or equal to 1, but found 0 | ShapeExamplesTrait.allowed.0.Target.InvalidRange
[ERROR] smithy.example#IndirectMembersStructure$conflictingExamplesInteger: Allowed shape example `4`: Value provided for `smithy.example#TestInteger` must be less than or equal to 3, but found 4 | ShapeExamplesTrait.allowed.1.Target.InvalidRange
[ERROR] smithy.example#IndirectMembersStructure$conflictingExamplesInteger: Disallowed shape example `null` passed all validations when it shouldn't have | ShapeExamplesTrait.disallowed.0
[ERROR] smithy.example#IndirectMembersStructure$conflictingExamplesInteger: Disallowed shape example `1` passed all validations when it shouldn't have | ShapeExamplesTrait.disallowed.1
[ERROR] smithy.example#IndirectMembersStructure$conflictingExamplesInteger: Disallowed shape example `2` passed all validations when it shouldn't have | ShapeExamplesTrait.disallowed.2
[ERROR] smithy.example#IndirectMembersStructure$conflictingExamplesInteger: Disallowed shape example `3` passed all validations when it shouldn't have | ShapeExamplesTrait.disallowed.3
[ERROR] smithy.example#IndirectMembersStructure$conflictingExamplesLong: Allowed shape example `0`: Value provided for `smithy.example#TestLong` must be greater than or equal to 1, but found 0 | ShapeExamplesTrait.allowed.0.Target.InvalidRange
[ERROR] smithy.example#IndirectMembersStructure$conflictingExamplesLong: Allowed shape example `4`: Value provided for `smithy.example#TestLong` must be less than or equal to 3, but found 4 | ShapeExamplesTrait.allowed.1.Target.InvalidRange
[ERROR] smithy.example#IndirectMembersStructure$conflictingExamplesLong: Disallowed shape example `null` passed all validations when it shouldn't have | ShapeExamplesTrait.disallowed.0
[ERROR] smithy.example#IndirectMembersStructure$conflictingExamplesLong: Disallowed shape example `1` passed all validations when it shouldn't have | ShapeExamplesTrait.disallowed.1
[ERROR] smithy.example#IndirectMembersStructure$conflictingExamplesLong: Disallowed shape example `2` passed all validations when it shouldn't have | ShapeExamplesTrait.disallowed.2
[ERROR] smithy.example#IndirectMembersStructure$conflictingExamplesLong: Disallowed shape example `3` passed all validations when it shouldn't have | ShapeExamplesTrait.disallowed.3
[ERROR] smithy.example#IndirectMembersStructure$conflictingExamplesFloat: Allowed shape example `0.0`: Value provided for `smithy.example#TestFloat` must be greater than or equal to 1, but found 0.0 | ShapeExamplesTrait.allowed.0.Target.InvalidRange
[ERROR] smithy.example#IndirectMembersStructure$conflictingExamplesFloat: Allowed shape example `4.0`: Value provided for `smithy.example#TestFloat` must be less than or equal to 3, but found 4.0 | ShapeExamplesTrait.allowed.1.Target.InvalidRange
[ERROR] smithy.example#IndirectMembersStructure$conflictingExamplesFloat: Disallowed shape example `null` passed all validations when it shouldn't have | ShapeExamplesTrait.disallowed.0
[ERROR] smithy.example#IndirectMembersStructure$conflictingExamplesFloat: Disallowed shape example `1.0` passed all validations when it shouldn't have | ShapeExamplesTrait.disallowed.1
[ERROR] smithy.example#IndirectMembersStructure$conflictingExamplesFloat: Disallowed shape example `2.0` passed all validations when it shouldn't have | ShapeExamplesTrait.disallowed.2
[ERROR] smithy.example#IndirectMembersStructure$conflictingExamplesFloat: Disallowed shape example `3.0` passed all validations when it shouldn't have | ShapeExamplesTrait.disallowed.3
[ERROR] smithy.example#IndirectMembersStructure$conflictingExamplesDouble: Allowed shape example `0.0`: Value provided for `smithy.example#TestDouble` must be greater than or equal to 1, but found 0.0 | ShapeExamplesTrait.allowed.0.Target.InvalidRange
[ERROR] smithy.example#IndirectMembersStructure$conflictingExamplesDouble: Allowed shape example `4.0`: Value provided for `smithy.example#TestDouble` must be less than or equal to 3, but found 4.0 | ShapeExamplesTrait.allowed.1.Target.InvalidRange
[ERROR] smithy.example#IndirectMembersStructure$conflictingExamplesDouble: Disallowed shape example `null` passed all validations when it shouldn't have | ShapeExamplesTrait.disallowed.0
[ERROR] smithy.example#IndirectMembersStructure$conflictingExamplesDouble: Disallowed shape example `1.0` passed all validations when it shouldn't have | ShapeExamplesTrait.disallowed.1
[ERROR] smithy.example#IndirectMembersStructure$conflictingExamplesDouble: Disallowed shape example `2.0` passed all validations when it shouldn't have | ShapeExamplesTrait.disallowed.2
[ERROR] smithy.example#IndirectMembersStructure$conflictingExamplesDouble: Disallowed shape example `3.0` passed all validations when it shouldn't have | ShapeExamplesTrait.disallowed.3
[ERROR] smithy.example#IndirectMembersStructure$conflictingExamplesBigInteger: Allowed shape example `0`: Value provided for `smithy.example#TestBigInteger` must be greater than or equal to 1, but found 0 | ShapeExamplesTrait.allowed.0.Target.InvalidRange
[ERROR] smithy.example#IndirectMembersStructure$conflictingExamplesBigInteger: Allowed shape example `4`: Value provided for `smithy.example#TestBigInteger` must be less than or equal to 3, but found 4 | ShapeExamplesTrait.allowed.1.Target.InvalidRange
[ERROR] smithy.example#IndirectMembersStructure$conflictingExamplesBigInteger: Disallowed shape example `null` passed all validations when it shouldn't have | ShapeExamplesTrait.disallowed.0
[ERROR] smithy.example#IndirectMembersStructure$conflictingExamplesBigInteger: Disallowed shape example `1` passed all validations when it shouldn't have | ShapeExamplesTrait.disallowed.1
[ERROR] smithy.example#IndirectMembersStructure$conflictingExamplesBigInteger: Disallowed shape example `2` passed all validations when it shouldn't have | ShapeExamplesTrait.disallowed.2
[ERROR] smithy.example#IndirectMembersStructure$conflictingExamplesBigInteger: Disallowed shape example `3` passed all validations when it shouldn't have | ShapeExamplesTrait.disallowed.3
[ERROR] smithy.example#IndirectMembersStructure$conflictingExamplesBigDecimal: Allowed shape example `0.0`: Value provided for `smithy.example#TestBigDecimal` must be greater than or equal to 1, but found 0.0 | ShapeExamplesTrait.allowed.0.Target.InvalidRange
[ERROR] smithy.example#IndirectMembersStructure$conflictingExamplesBigDecimal: Allowed shape example `4.0`: Value provided for `smithy.example#TestBigDecimal` must be less than or equal to 3, but found 4.0 | ShapeExamplesTrait.allowed.1.Target.InvalidRange
[ERROR] smithy.example#IndirectMembersStructure$conflictingExamplesBigDecimal: Disallowed shape example `null` passed all validations when it shouldn't have | ShapeExamplesTrait.disallowed.0
[ERROR] smithy.example#IndirectMembersStructure$conflictingExamplesBigDecimal: Disallowed shape example `1.0` passed all validations when it shouldn't have | ShapeExamplesTrait.disallowed.1
[ERROR] smithy.example#IndirectMembersStructure$conflictingExamplesBigDecimal: Disallowed shape example `2.0` passed all validations when it shouldn't have | ShapeExamplesTrait.disallowed.2
[ERROR] smithy.example#IndirectMembersStructure$conflictingExamplesBigDecimal: Disallowed shape example `3.0` passed all validations when it shouldn't have | ShapeExamplesTrait.disallowed.3
[ERROR] smithy.example#IndirectMembersStructure$conflictingExamplesString: Allowed shape example `""`: String value provided for `smithy.example#TestString` must be >= 1 characters, but the provided value is only 0 characters. | ShapeExamplesTrait.allowed.0
[ERROR] smithy.example#IndirectMembersStructure$conflictingExamplesString: Allowed shape example `""`: String value provided for `smithy.example#TestString` must match regular expression: ^a+$ | ShapeExamplesTrait.allowed.0
[ERROR] smithy.example#IndirectMembersStructure$conflictingExamplesString: Allowed shape example `"b"`: String value provided for `smithy.example#TestString` must match regular expression: ^a+$ | ShapeExamplesTrait.allowed.1
[ERROR] smithy.example#IndirectMembersStructure$conflictingExamplesString: Allowed shape example `"ab"`: String value provided for `smithy.example#TestString` must match regular expression: ^a+$ | ShapeExamplesTrait.allowed.2
[ERROR] smithy.example#IndirectMembersStructure$conflictingExamplesString: Allowed shape example `"ba"`: String value provided for `smithy.example#TestString` must match regular expression: ^a+$ | ShapeExamplesTrait.allowed.3
[ERROR] smithy.example#IndirectMembersStructure$conflictingExamplesString: Allowed shape example `"aaaa"`: String value provided for `smithy.example#TestString` must be <= 3 characters, but the provided value is 4 characters. | ShapeExamplesTrait.allowed.4
[ERROR] smithy.example#IndirectMembersStructure$conflictingExamplesString: Disallowed shape example `null` passed all validations when it shouldn't have | ShapeExamplesTrait.disallowed.0
[ERROR] smithy.example#IndirectMembersStructure$conflictingExamplesString: Disallowed shape example `"a"` passed all validations when it shouldn't have | ShapeExamplesTrait.disallowed.1
[ERROR] smithy.example#IndirectMembersStructure$conflictingExamplesString: Disallowed shape example `"aa"` passed all validations when it shouldn't have | ShapeExamplesTrait.disallowed.2
[ERROR] smithy.example#IndirectMembersStructure$conflictingExamplesString: Disallowed shape example `"aaa"` passed all validations when it shouldn't have | ShapeExamplesTrait.disallowed.3
[ERROR] smithy.example#IndirectMembersStructure$conflictingExamplesBlob: Allowed shape example `""`: Value provided for `smithy.example#TestBlob` must have at least 1 bytes, but the provided value only has 0 bytes | ShapeExamplesTrait.allowed.0
[ERROR] smithy.example#IndirectMembersStructure$conflictingExamplesBlob: Allowed shape example `"YWFhYQ=="`: Value provided for `smithy.example#TestBlob` must have no more than 3 bytes, but the provided value has 4 bytes | ShapeExamplesTrait.allowed.1
[ERROR] smithy.example#IndirectMembersStructure$conflictingExamplesBlob: Disallowed shape example `null` passed all validations when it shouldn't have | ShapeExamplesTrait.disallowed.0
[ERROR] smithy.example#IndirectMembersStructure$conflictingExamplesBlob: Disallowed shape example `"YQ=="` passed all validations when it shouldn't have | ShapeExamplesTrait.disallowed.1
[ERROR] smithy.example#IndirectMembersStructure$conflictingExamplesBlob: Disallowed shape example `"YWE="` passed all validations when it shouldn't have | ShapeExamplesTrait.disallowed.2
[ERROR] smithy.example#IndirectMembersStructure$conflictingExamplesBlob: Disallowed shape example `"YWFh"` passed all validations when it shouldn't have | ShapeExamplesTrait.disallowed.3
[ERROR] smithy.example#IndirectMembersStructure$conflictingExamplesStructure: Allowed shape example `{"a":""}`.a: String value provided for `smithy.example#TestStructure$a` must be >= 1 characters, but the provided value is only 0 characters. | ShapeExamplesTrait.allowed.0
[ERROR] smithy.example#IndirectMembersStructure$conflictingExamplesStructure: Allowed shape example `{"a":"bbbbb"}`.a: String value provided for `smithy.example#TestStructure$a` must be <= 3 characters, but the provided value is 5 characters. | ShapeExamplesTrait.allowed.1
[ERROR] smithy.example#IndirectMembersStructure$conflictingExamplesStructure: Allowed shape example `{}`: Missing required structure member `a` for `smithy.example#TestStructure` | ShapeExamplesTrait.allowed.2
[ERROR] smithy.example#IndirectMembersStructure$conflictingExamplesStructure: Allowed shape example `{"a":null}`.a: Required structure member `a` for `smithy.example#TestStructure` cannot be null | ShapeExamplesTrait.allowed.3
[ERROR] smithy.example#IndirectMembersStructure$conflictingExamplesStructure: Disallowed shape example `null` passed all validations when it shouldn't have | ShapeExamplesTrait.disallowed.0
[ERROR] smithy.example#IndirectMembersStructure$conflictingExamplesStructure: Disallowed shape example `{"a":"b"}` passed all validations when it shouldn't have | ShapeExamplesTrait.disallowed.1
[ERROR] smithy.example#IndirectMembersStructure$conflictingExamplesStructure: Disallowed shape example `{"a":"bb"}` passed all validations when it shouldn't have | ShapeExamplesTrait.disallowed.2
[ERROR] smithy.example#IndirectMembersStructure$conflictingExamplesStructure: Disallowed shape example `{"a":"bbb"}` passed all validations when it shouldn't have | ShapeExamplesTrait.disallowed.3
[ERROR] smithy.example#IndirectMembersStructure$conflictingExamplesList: Allowed shape example `[""]`.0: String value provided for `smithy.example#TestList$member` must be >= 1 characters, but the provided value is only 0 characters. | ShapeExamplesTrait.allowed.1
[ERROR] smithy.example#IndirectMembersStructure$conflictingExamplesList: Allowed shape example `["aaaa"]`.0: String value provided for `smithy.example#TestList$member` must be <= 3 characters, but the provided value is 4 characters. | ShapeExamplesTrait.allowed.2
[ERROR] smithy.example#IndirectMembersStructure$conflictingExamplesList: Disallowed shape example `null` passed all validations when it shouldn't have | ShapeExamplesTrait.disallowed.0
[ERROR] smithy.example#IndirectMembersStructure$conflictingExamplesList: Disallowed shape example `["a"]` passed all validations when it shouldn't have | ShapeExamplesTrait.disallowed.1
[ERROR] smithy.example#IndirectMembersStructure$conflictingExamplesList: Disallowed shape example `["a","aa"]` passed all validations when it shouldn't have | ShapeExamplesTrait.disallowed.2
[ERROR] smithy.example#IndirectMembersStructure$conflictingExamplesList: Disallowed shape example `["a","aa","aaa"]` passed all validations when it shouldn't have | ShapeExamplesTrait.disallowed.3
[ERROR] smithy.example#IndirectMembersStructure$conflictingExamplesMap: Allowed shape example `{"":""}`.: String value provided for `smithy.example#TestMap$value` must be >= 1 characters, but the provided value is only 0 characters. | ShapeExamplesTrait.allowed.0
[ERROR] smithy.example#IndirectMembersStructure$conflictingExamplesMap: Allowed shape example `{"a":""}`.a: String value provided for `smithy.example#TestMap$value` must be >= 1 characters, but the provided value is only 0 characters. | ShapeExamplesTrait.allowed.1
[ERROR] smithy.example#IndirectMembersStructure$conflictingExamplesMap: Disallowed shape example `null` passed all validations when it shouldn't have | ShapeExamplesTrait.disallowed.0
[ERROR] smithy.example#IndirectMembersStructure$conflictingExamplesMap: Disallowed shape example `{"a":"bbb"}` passed all validations when it shouldn't have | ShapeExamplesTrait.disallowed.1
[ERROR] smithy.example#IndirectMembersStructure$conflictingExamplesMap: Disallowed shape example `{"a":"b","bbb":"aaa"}` passed all validations when it shouldn't have | ShapeExamplesTrait.disallowed.2
[ERROR] smithy.example#IndirectMembersStructure$conflictingExamplesTimestamp: Disallowed shape example `null` passed all validations when it shouldn't have | ShapeExamplesTrait.disallowed.0
[ERROR] smithy.example#IndirectMembersStructure$conflictingExamplesEnum: Allowed shape example `"B"`: String value provided for `smithy.example#TestEnum` must be one of the following values: `A` | ShapeExamplesTrait.allowed.0
[ERROR] smithy.example#IndirectMembersStructure$conflictingExamplesEnum: Disallowed shape example `null` passed all validations when it shouldn't have | ShapeExamplesTrait.disallowed.0
[ERROR] smithy.example#IndirectMembersStructure$conflictingExamplesEnum: Disallowed shape example `"A"` passed all validations when it shouldn't have | ShapeExamplesTrait.disallowed.1
[ERROR] smithy.example#IndirectMembersStructure$conflictingExamplesIntEnum: Allowed shape example `1`: Integer value provided for `smithy.example#TestIntEnum` must be one of the following values: `0`, but found 1 | ShapeExamplesTrait.allowed.0
[ERROR] smithy.example#IndirectMembersStructure$conflictingExamplesIntEnum: Disallowed shape example `null` passed all validations when it shouldn't have | ShapeExamplesTrait.disallowed.0
[ERROR] smithy.example#IndirectMembersStructure$conflictingExamplesIntEnum: Disallowed shape example `0` passed all validations when it shouldn't have | ShapeExamplesTrait.disallowed.1
[ERROR] smithy.example#IndirectMembersStructure$conflictingExamplesUnion: Allowed shape example `{}`: union values must contain a value for exactly one member | ShapeExamplesTrait.allowed.0
[ERROR] smithy.example#IndirectMembersStructure$conflictingExamplesUnion: Allowed shape example `{"a":""}`.a: String value provided for `smithy.example#TestString` must be >= 1 characters, but the provided value is only 0 characters. | ShapeExamplesTrait.allowed.1
[ERROR] smithy.example#IndirectMembersStructure$conflictingExamplesUnion: Allowed shape example `{"a":""}`.a: String value provided for `smithy.example#TestString` must match regular expression: ^a+$ | ShapeExamplesTrait.allowed.1
[ERROR] smithy.example#IndirectMembersStructure$conflictingExamplesUnion: Allowed shape example `{"b":4}`.b: Value provided for `smithy.example#TestInteger` must be less than or equal to 3, but found 4 | ShapeExamplesTrait.allowed.2.Target.InvalidRange
[ERROR] smithy.example#IndirectMembersStructure$conflictingExamplesUnion: Disallowed shape example `null` passed all validations when it shouldn't have | ShapeExamplesTrait.disallowed.0
[ERROR] smithy.example#IndirectMembersStructure$conflictingExamplesUnion: Disallowed shape example `{"a":"a"}` passed all validations when it shouldn't have | ShapeExamplesTrait.disallowed.1
[ERROR] smithy.example#IndirectMembersStructure$conflictingExamplesUnion: Disallowed shape example `{"b":1}` passed all validations when it shouldn't have | ShapeExamplesTrait.disallowed.2
[ERROR] smithy.example#IndirectMembersStructure$conflictingExamplesDocument: Disallowed shape example `null` passed all validations when it shouldn't have | ShapeExamplesTrait.disallowed.0
[ERROR] smithy.example#IndirectMembersStructure$conflictingExamplesDocument: Disallowed shape example `true` passed all validations when it shouldn't have | ShapeExamplesTrait.disallowed.1
[ERROR] smithy.example#IndirectMembersStructure$conflictingExamplesDocument: Disallowed shape example `"foo"` passed all validations when it shouldn't have | ShapeExamplesTrait.disallowed.2
[ERROR] smithy.example#IndirectMembersStructure$conflictingExamplesDocument: Disallowed shape example `123` passed all validations when it shouldn't have | ShapeExamplesTrait.disallowed.3
[ERROR] smithy.example#IndirectMembersStructure$conflictingExamplesDocument: Disallowed shape example `{}` passed all validations when it shouldn't have | ShapeExamplesTrait.disallowed.4
[ERROR] smithy.example#IndirectMembersStructure$conflictingExamplesDocument: Disallowed shape example `[]` passed all validations when it shouldn't have | ShapeExamplesTrait.disallowed.5
[WARNING] smithy.example#WarningGeneratingExamplesStructure: Allowed shape example `{"a":"a","b":"b"}`: Member `b` does not exist in `smithy.example#WarningGeneratingExamplesStructure` | ShapeExamplesTrait.allowed.0.UnknownMember.smithy.example#WarningGeneratingExamplesStructure.b
[WARNING] smithy.example#WarningGeneratingExamplesStructure: Disallowed shape example `{"a":"","b":"b"}`: Member `b` does not exist in `smithy.example#WarningGeneratingExamplesStructure` | ShapeExamplesTrait.disallowed.0.UnknownMember.smithy.example#WarningGeneratingExamplesStructure.b
[ERROR] smithy.example#ConflictingExamplesMap: Allowed shape example `{"":""}`. (map-key): String value provided for `smithy.example#ConflictingExamplesMap$key` must be >= 1 characters, but the provided value is only 0 characters. | ShapeExamplesTrait.allowed.0
[ERROR] smithy.example#ConflictingExamplesMap: Allowed shape example `{"":"a"}`. (map-key): String value provided for `smithy.example#ConflictingExamplesMap$key` must be >= 1 characters, but the provided value is only 0 characters. | ShapeExamplesTrait.allowed.2
[ERROR] smithy.example#DirectMembersStructure$conflictingExamplesMap: Allowed shape example `{"":""}`. (map-key): String value provided for `smithy.example#TestMap$key` must be >= 1 characters, but the provided value is only 0 characters. | ShapeExamplesTrait.allowed.1
[ERROR] smithy.example#DirectMembersStructure$conflictingExamplesMap: Allowed shape example `{"":"a"}`. (map-key): String value provided for `smithy.example#TestMap$key` must be >= 1 characters, but the provided value is only 0 characters. | ShapeExamplesTrait.allowed.3
[ERROR] smithy.example#IndirectMembersStructure$conflictingExamplesMap: Allowed shape example `{"":""}`. (map-key): String value provided for `smithy.example#TestMap$key` must be >= 1 characters, but the provided value is only 0 characters. | ShapeExamplesTrait.allowed.0
[ERROR] smithy.example#IndirectMembersStructure$conflictingExamplesMap: Allowed shape example `{"":"a"}`. (map-key): String value provided for `smithy.example#TestMap$key` must be >= 1 characters, but the provided value is only 0 characters. | ShapeExamplesTrait.allowed.2